strict digraph {
XORx36y36 [label="XOR",shape="box"]
	x36 -> XORx36y36
	y36 -> XORx36y36
	XORx36y36 -> sfj
ANDmpqdvh [label="AND",shape="box"]
	mpq -> ANDmpqdvh
	dvh -> ANDmpqdvh
	ANDmpqdvh -> qgg
XORsfjfjm [label="XOR",shape="box"]
	sfj -> XORsfjfjm
	fjm -> XORsfjfjm
	XORsfjfjm -> z36
ANDy10x10 [label="AND",shape="box"]
	y10 -> ANDy10x10
	x10 -> ANDy10x10
	ANDy10x10 -> pjt
XORpdswsg [label="XOR",shape="box"]
	pds -> XORpdswsg
	wsg -> XORpdswsg
	XORpdswsg -> z25
XORwjmrhk [label="XOR",shape="box"]
	wjm -> XORwjmrhk
	rhk -> XORwjmrhk
	XORwjmrhk -> z33
ORdvdkgf [label="OR",shape="box"]
	dvd -> ORdvdkgf
	kgf -> ORdvdkgf
	ORdvdkgf -> ckp
XORtgjmkm [label="XOR",shape="box"]
	tgj -> XORtgjmkm
	mkm -> XORtgjmkm
	XORtgjmkm -> bjm
ANDx40y40 [label="AND",shape="box"]
	x40 -> ANDx40y40
	y40 -> ANDx40y40
	ANDx40y40 -> vkd
XORx28y28 [label="XOR",shape="box"]
	x28 -> XORx28y28
	y28 -> XORx28y28
	XORx28y28 -> vvc
ANDy22x22 [label="AND",shape="box"]
	y22 -> ANDy22x22
	x22 -> ANDy22x22
	ANDy22x22 -> tmq
ANDgdwtns [label="AND",shape="box"]
	gdw -> ANDgdwtns
	tns -> ANDgdwtns
	ANDgdwtns -> dvd
ANDrwmvvc [label="AND",shape="box"]
	rwm -> ANDrwmvvc
	vvc -> ANDrwmvvc
	ANDrwmvvc -> cdj
XORmwghmm [label="XOR",shape="box"]
	mwg -> XORmwghmm
	hmm -> XORmwghmm
	XORmwghmm -> z34
ANDdtwtgb [label="AND",shape="box"]
	dtw -> ANDdtwtgb
	tgb -> ANDdtwtgb
	ANDdtwtgb -> gqg
ANDy20x20 [label="AND",shape="box"]
	y20 -> ANDy20x20
	x20 -> ANDy20x20
	ANDy20x20 -> pnb
ORdcnqmb [label="OR",shape="box"]
	dcn -> ORdcnqmb
	qmb -> ORdcnqmb
	ORdcnqmb -> wsg
ORhjvvwc [label="OR",shape="box"]
	hjv -> ORhjvvwc
	vwc -> ORhjvvwc
	ORhjvvwc -> fsw
XORx26y26 [label="XOR",shape="box"]
	x26 -> XORx26y26
	y26 -> XORx26y26
	XORx26y26 -> nvr
XORx41y41 [label="XOR",shape="box"]
	x41 -> XORx41y41
	y41 -> XORx41y41
	XORx41y41 -> cjs
ORdwjqvk [label="OR",shape="box"]
	dwj -> ORdwjqvk
	qvk -> ORdwjqvk
	ORdwjqvk -> z45
XORx27y27 [label="XOR",shape="box"]
	x27 -> XORx27y27
	y27 -> XORx27y27
	XORx27y27 -> crd
XORwhvngt [label="XOR",shape="box"]
	whv -> XORwhvngt
	ngt -> XORwhvngt
	XORwhvngt -> z43
ANDrfgmwk [label="AND",shape="box"]
	rfg -> ANDrfgmwk
	mwk -> ANDrfgmwk
	ANDrfgmwk -> tch
XORbgtqjc [label="XOR",shape="box"]
	bgt -> XORbgtqjc
	qjc -> XORbgtqjc
	XORbgtqjc -> skf
ORfrtnvr [label="OR",shape="box"]
	frt -> ORfrtnvr
	nvr -> ORfrtnvr
	ORfrtnvr -> bpb
ANDy34x34 [label="AND",shape="box"]
	y34 -> ANDy34x34
	x34 -> ANDy34x34
	ANDy34x34 -> fnf
XORy40x40 [label="XOR",shape="box"]
	y40 -> XORy40x40
	x40 -> XORy40x40
	XORy40x40 -> pmm
ANDswstpq [label="AND",shape="box"]
	sws -> ANDswstpq
	tpq -> ANDswstpq
	ANDswstpq -> hjv
ORpcnvbm [label="OR",shape="box"]
	pcn -> ORpcnvbm
	vbm -> ORpcnvbm
	ORpcnvbm -> mwg
ANDmkmtgj [label="AND",shape="box"]
	mkm -> ANDmkmtgj
	tgj -> ANDmkmtgj
	ANDmkmtgj -> njc
ORjjbvkw [label="OR",shape="box"]
	jjb -> ORjjbvkw
	vkw -> ORjjbvkw
	ORjjbvkw -> rhk
XORfdbsmd [label="XOR",shape="box"]
	fdb -> XORfdbsmd
	smd -> XORfdbsmd
	XORfdbsmd -> z30
ANDghhgnn [label="AND",shape="box"]
	ghh -> ANDghhgnn
	gnn -> ANDghhgnn
	ANDghhgnn -> qhq
ANDckprds [label="AND",shape="box"]
	ckp -> ANDckprds
	rds -> ANDckprds
	ANDckprds -> spf
ANDdnkdrk [label="AND",shape="box"]
	dnk -> ANDdnkdrk
	drk -> ANDdnkdrk
	ANDdnkdrk -> tdg
XORx10y10 [label="XOR",shape="box"]
	x10 -> XORx10y10
	y10 -> XORx10y10
	XORx10y10 -> rds
ORwrgrtn [label="OR",shape="box"]
	wrg -> ORwrgrtn
	rtn -> ORwrgrtn
	ORwrgrtn -> rbk
ANDy19x19 [label="AND",shape="box"]
	y19 -> ANDy19x19
	x19 -> ANDy19x19
	ANDy19x19 -> kgh
ANDsfjfjm [label="AND",shape="box"]
	sfj -> ANDsfjfjm
	fjm -> ANDsfjfjm
	ANDsfjfjm -> vnm
XORtpqsws [label="XOR",shape="box"]
	tpq -> XORtpqsws
	sws -> XORtpqsws
	XORtpqsws -> z05
ANDx14y14 [label="AND",shape="box"]
	x14 -> ANDx14y14
	y14 -> ANDx14y14
	ANDx14y14 -> rmm
ANDqkfwkr [label="AND",shape="box"]
	qkf -> ANDqkfwkr
	wkr -> ANDqkfwkr
	ANDqkfwkr -> frt
XORy07x07 [label="XOR",shape="box"]
	y07 -> XORy07x07
	x07 -> XORy07x07
	XORy07x07 -> tgj
ORfjfbmg [label="OR",shape="box"]
	fjf -> ORfjfbmg
	bmg -> ORfjfbmg
	ORfjfbmg -> nbp
XORfswnhj [label="XOR",shape="box"]
	fsw -> XORfswnhj
	nhj -> XORfswnhj
	XORfswnhj -> z06
ANDfvkpbn [label="AND",shape="box"]
	fvk -> ANDfvkpbn
	pbn -> ANDfvkpbn
	ANDfvkpbn -> gpv
ANDy18x18 [label="AND",shape="box"]
	y18 -> ANDy18x18
	x18 -> ANDy18x18
	ANDy18x18 -> z18
ANDx21y21 [label="AND",shape="box"]
	x21 -> ANDx21y21
	y21 -> ANDx21y21
	ANDx21y21 -> vfr
ANDy24x24 [label="AND",shape="box"]
	y24 -> ANDy24x24
	x24 -> ANDy24x24
	ANDy24x24 -> qmb
ORvnmbkm [label="OR",shape="box"]
	vnm -> ORvnmbkm
	bkm -> ORvnmbkm
	ORvnmbkm -> fjq
ANDx27y27 [label="AND",shape="box"]
	x27 -> ANDx27y27
	y27 -> ANDx27y27
	ANDx27y27 -> qcg
ORgtkcck [label="OR",shape="box"]
	gtk -> ORgtkcck
	cck -> ORgtkcck
	ORgtkcck -> fjm
XORy22x22 [label="XOR",shape="box"]
	y22 -> XORy22x22
	x22 -> XORy22x22
	XORy22x22 -> dnk
ANDpnhnbp [label="AND",shape="box"]
	pnh -> ANDpnhnbp
	nbp -> ANDpnhnbp
	ANDpnhnbp -> gms
XORvvcrwm [label="XOR",shape="box"]
	vvc -> XORvvcrwm
	rwm -> XORvvcrwm
	XORvvcrwm -> z28
ANDx38y38 [label="AND",shape="box"]
	x38 -> ANDx38y38
	y38 -> ANDx38y38
	ANDx38y38 -> shn
ORwkdmbw [label="OR",shape="box"]
	wkd -> ORwkdmbw
	mbw -> ORwkdmbw
	ORwkdmbw -> tcb
XORx01y01 [label="XOR",shape="box"]
	x01 -> XORx01y01
	y01 -> XORx01y01
	XORx01y01 -> ghh
ANDy26x26 [label="AND",shape="box"]
	y26 -> ANDy26x26
	x26 -> ANDy26x26
	ANDy26x26 -> wkr
ORtgmskf [label="OR",shape="box"]
	tgm -> ORtgmskf
	skf -> ORtgmskf
	ORtgmskf -> rrq
XORpthvjb [label="XOR",shape="box"]
	pth -> XORpthvjb
	vjb -> XORpthvjb
	XORpthvjb -> z39
ANDx09y09 [label="AND",shape="box"]
	x09 -> ANDx09y09
	y09 -> ANDx09y09
	ANDx09y09 -> kgf
XORdkctjh [label="XOR",shape="box"]
	dkc -> XORdkctjh
	tjh -> XORdkctjh
	XORdkctjh -> z31
XORrdsckp [label="XOR",shape="box"]
	rds -> XORrdsckp
	ckp -> XORrdsckp
	XORrdsckp -> z10
XORdvhmpq [label="XOR",shape="box"]
	dvh -> XORdvhmpq
	mpq -> XORdvhmpq
	XORdvhmpq -> z04
XORx19y19 [label="XOR",shape="box"]
	x19 -> XORx19y19
	y19 -> XORx19y19
	XORx19y19 -> scd
ANDbhtjkm [label="AND",shape="box"]
	bht -> ANDbhtjkm
	jkm -> ANDbhtjkm
	ANDbhtjkm -> qrb
ANDy39x39 [label="AND",shape="box"]
	y39 -> ANDy39x39
	x39 -> ANDy39x39
	ANDy39x39 -> jmc
ANDx30y30 [label="AND",shape="box"]
	x30 -> ANDx30y30
	y30 -> ANDx30y30
	ANDx30y30 -> djm
ANDmwghmm [label="AND",shape="box"]
	mwg -> ANDmwghmm
	hmm -> ANDmwghmm
	ANDmwghmm -> mhg
XORtcbjkh [label="XOR",shape="box"]
	tcb -> XORtcbjkh
	jkh -> XORtcbjkh
	XORtcbjkh -> z44
XORx37y37 [label="XOR",shape="box"]
	x37 -> XORx37y37
	y37 -> XORx37y37
	XORx37y37 -> djd
ORgpvjrk [label="OR",shape="box"]
	gpv -> ORgpvjrk
	jrk -> ORgpvjrk
	ORgpvjrk -> whv
ORqggvds [label="OR",shape="box"]
	qgg -> ORqggvds
	vds -> ORqggvds
	ORqggvds -> sws
ANDfwkmsp [label="AND",shape="box"]
	fwk -> ANDfwkmsp
	msp -> ANDfwkmsp
	ANDfwkmsp -> vbs
ANDy11x11 [label="AND",shape="box"]
	y11 -> ANDy11x11
	x11 -> ANDy11x11
	ANDy11x11 -> wpw
ORfnfmhg [label="OR",shape="box"]
	fnf -> ORfnfmhg
	mhg -> ORfnfmhg
	ORfnfmhg -> bfg
ANDvhbbpf [label="AND",shape="box"]
	vhb -> ANDvhbbpf
	bpf -> ANDvhbbpf
	ANDvhbbpf -> tst
ORgpnvbs [label="OR",shape="box"]
	gpn -> ORgpnvbs
	vbs -> ORgpnvbs
	ORgpnvbs -> gmp
XORcghcjs [label="XOR",shape="box"]
	cgh -> XORcghcjs
	cjs -> XORcghcjs
	XORcghcjs -> z41
ANDx23y23 [label="AND",shape="box"]
	x23 -> ANDx23y23
	y23 -> ANDx23y23
	ANDx23y23 -> wjw
XORmwkrfg [label="XOR",shape="box"]
	mwk -> XORmwkrfg
	rfg -> XORmwkrfg
	XORmwkrfg -> z20
ANDy07x07 [label="AND",shape="box"]
	y07 -> ANDy07x07
	x07 -> ANDy07x07
	ANDy07x07 -> kbk
ANDx16y16 [label="AND",shape="box"]
	x16 -> ANDx16y16
	y16 -> ANDx16y16
	ANDx16y16 -> fjf
ANDx37y37 [label="AND",shape="box"]
	x37 -> ANDx37y37
	y37 -> ANDx37y37
	ANDx37y37 -> gvr
XORtgvpmm [label="XOR",shape="box"]
	tgv -> XORtgvpmm
	pmm -> XORtgvpmm
	XORtgvpmm -> z40
XORy17x17 [label="XOR",shape="box"]
	y17 -> XORy17x17
	x17 -> XORy17x17
	XORy17x17 -> pnh
XORx43y43 [label="XOR",shape="box"]
	x43 -> XORx43y43
	y43 -> XORx43y43
	XORx43y43 -> ngt
ORnjckbk [label="OR",shape="box"]
	njc -> ORnjckbk
	kbk -> ORnjckbk
	ORnjckbk -> z07
XORy18x18 [label="XOR",shape="box"]
	y18 -> XORy18x18
	x18 -> XORy18x18
	XORy18x18 -> qjc
XORy31x31 [label="XOR",shape="box"]
	y31 -> XORy31x31
	x31 -> XORy31x31
	XORy31x31 -> tjh
ORtchpnb [label="OR",shape="box"]
	tch -> ORtchpnb
	pnb -> ORtchpnb
	ORtchpnb -> swd
XORx15y15 [label="XOR",shape="box"]
	x15 -> XORx15y15
	y15 -> XORx15y15
	XORx15y15 -> tgb
XORx06y06 [label="XOR",shape="box"]
	x06 -> XORx06y06
	y06 -> XORx06y06
	XORx06y06 -> nhj
XORtnsgdw [label="XOR",shape="box"]
	tns -> XORtnsgdw
	gdw -> XORtnsgdw
	XORtnsgdw -> z09
ANDx01y01 [label="AND",shape="box"]
	x01 -> ANDx01y01
	y01 -> ANDx01y01
	ANDx01y01 -> nck
XORbpbcrd [label="XOR",shape="box"]
	bpb -> XORbpbcrd
	crd -> XORbpbcrd
	XORbpbcrd -> z27
ANDbcvswd [label="AND",shape="box"]
	bcv -> ANDbcvswd
	swd -> ANDbcvswd
	ANDbcvswd -> djg
ANDbpbcrd [label="AND",shape="box"]
	bpb -> ANDbpbcrd
	crd -> ANDbpbcrd
	ANDbpbcrd -> hcb
ANDy42x42 [label="AND",shape="box"]
	y42 -> ANDy42x42
	x42 -> ANDy42x42
	ANDy42x42 -> jrk
ANDfjqdjd [label="AND",shape="box"]
	fjq -> ANDfjqdjd
	djd -> ANDfjqdjd
	ANDfjqdjd -> fvp
ANDtgvpmm [label="AND",shape="box"]
	tgv -> ANDtgvpmm
	pmm -> ANDtgvpmm
	ANDtgvpmm -> hfj
XORx44y44 [label="XOR",shape="box"]
	x44 -> XORx44y44
	y44 -> XORx44y44
	XORx44y44 -> jkh
XORgwdsbg [label="XOR",shape="box"]
	gwd -> XORgwdsbg
	sbg -> XORgwdsbg
	XORgwdsbg -> z11
XORy23x23 [label="XOR",shape="box"]
	y23 -> XORy23x23
	x23 -> XORy23x23
	XORy23x23 -> vft
ANDgmprgn [label="AND",shape="box"]
	gmp -> ANDgmprgn
	rgn -> ANDgmprgn
	ANDgmprgn -> djp
ANDvfthkk [label="AND",shape="box"]
	vft -> ANDvfthkk
	hkk -> ANDvfthkk
	ANDvfthkk -> hqw
XORy24x24 [label="XOR",shape="box"]
	y24 -> XORy24x24
	x24 -> XORy24x24
	XORy24x24 -> knh
XORx30y30 [label="XOR",shape="box"]
	x30 -> XORx30y30
	y30 -> XORx30y30
	XORx30y30 -> smd
XORx34y34 [label="XOR",shape="box"]
	x34 -> XORx34y34
	y34 -> XORx34y34
	XORx34y34 -> hmm
ANDtjhdkc [label="AND",shape="box"]
	tjh -> ANDtjhdkc
	dkc -> ANDtjhdkc
	ANDtjhdkc -> bkc
ORrmmtst [label="OR",shape="box"]
	rmm -> ORrmmtst
	tst -> ORrmmtst
	ORrmmtst -> dtw
ORdjpwwt [label="OR",shape="box"]
	djp -> ORdjpwwt
	wwt -> ORdjpwwt
	ORdjpwwt -> dvh
ANDy25x25 [label="AND",shape="box"]
	y25 -> ANDy25x25
	x25 -> ANDy25x25
	ANDy25x25 -> kvp
ANDy31x31 [label="AND",shape="box"]
	y31 -> ANDy31x31
	x31 -> ANDy31x31
	ANDy31x31 -> mqr
ANDfdbsmd [label="AND",shape="box"]
	fdb -> ANDfdbsmd
	smd -> ANDfdbsmd
	ANDfdbsmd -> sst
XORx11y11 [label="XOR",shape="box"]
	x11 -> XORx11y11
	y11 -> XORx11y11
	XORx11y11 -> sbg
ANDx05y05 [label="AND",shape="box"]
	x05 -> ANDx05y05
	y05 -> ANDx05y05
	ANDx05y05 -> vwc
ANDpdswsg [label="AND",shape="box"]
	pds -> ANDpdswsg
	wsg -> ANDpdswsg
	ANDpdswsg -> qsm
ANDscdrrq [label="AND",shape="box"]
	scd -> ANDscdrrq
	rrq -> ANDscdrrq
	ANDscdrrq -> bqj
XORpnhnbp [label="XOR",shape="box"]
	pnh -> XORpnhnbp
	nbp -> XORpnhnbp
	XORpnhnbp -> z17
XORscdrrq [label="XOR",shape="box"]
	scd -> XORscdrrq
	rrq -> XORscdrrq
	XORscdrrq -> z19
ANDy12x12 [label="AND",shape="box"]
	y12 -> ANDy12x12
	x12 -> ANDy12x12
	ANDy12x12 -> rtn
ANDbtrbjm [label="AND",shape="box"]
	btr -> ANDbtrbjm
	bjm -> ANDbtrbjm
	ANDbtrbjm -> bsd
ORhcbqcg [label="OR",shape="box"]
	hcb -> ORhcbqcg
	qcg -> ORhcbqcg
	ORhcbqcg -> rwm
XORy39x39 [label="XOR",shape="box"]
	y39 -> XORy39x39
	x39 -> XORy39x39
	XORy39x39 -> pth
XORx12y12 [label="XOR",shape="box"]
	x12 -> XORx12y12
	y12 -> XORx12y12
	XORx12y12 -> ggj
ANDpmvrbk [label="AND",shape="box"]
	pmv -> ANDpmvrbk
	rbk -> ANDpmvrbk
	ANDpmvrbk -> z13
XORy09x09 [label="XOR",shape="box"]
	y09 -> XORy09x09
	x09 -> XORy09x09
	XORy09x09 -> gdw
XORvfthkk [label="XOR",shape="box"]
	vft -> XORvfthkk
	hkk -> XORvfthkk
	XORvfthkk -> z23
XORfwvrwk [label="XOR",shape="box"]
	fwv -> XORfwvrwk
	rwk -> XORfwvrwk
	XORfwvrwk -> z32
ORwjwhqw [label="OR",shape="box"]
	wjw -> ORwjwhqw
	hqw -> ORwjwhqw
	ORwjwhqw -> wbw
ANDhcvggj [label="AND",shape="box"]
	hcv -> ANDhcvggj
	ggj -> ANDhcvggj
	ANDhcvggj -> wrg
ORssscmv [label="OR",shape="box"]
	sss -> ORssscmv
	cmv -> ORssscmv
	ORssscmv -> fdb
XORx08y08 [label="XOR",shape="box"]
	x08 -> XORx08y08
	y08 -> XORx08y08
	XORx08y08 -> btr
ORfvpgvr [label="OR",shape="box"]
	fvp -> ORfvpgvr
	gvr -> ORfvpgvr
	ORfvpgvr -> bht
XORvhbbpf [label="XOR",shape="box"]
	vhb -> XORvhbbpf
	bpf -> XORvhbbpf
	XORvhbbpf -> z14
XORx00y00 [label="XOR",shape="box"]
	x00 -> XORx00y00
	y00 -> XORx00y00
	XORx00y00 -> z00
ANDtmpgph [label="AND",shape="box"]
	tmp -> ANDtmpgph
	gph -> ANDtmpgph
	ANDtmpgph -> cmv
XORx29y29 [label="XOR",shape="box"]
	x29 -> XORx29y29
	y29 -> XORx29y29
	XORx29y29 -> tmp
ANDwhvngt [label="AND",shape="box"]
	whv -> ANDwhvngt
	ngt -> ANDwhvngt
	ANDwhvngt -> wkd
XORtgbdtw [label="XOR",shape="box"]
	tgb -> XORtgbdtw
	dtw -> XORtgbdtw
	XORtgbdtw -> z15
ANDpthvjb [label="AND",shape="box"]
	pth -> ANDpthvjb
	vjb -> ANDpthvjb
	ANDpthvjb -> cvf
ANDy33x33 [label="AND",shape="box"]
	y33 -> ANDy33x33
	x33 -> ANDy33x33
	ANDy33x33 -> vbm
XORx38y38 [label="XOR",shape="box"]
	x38 -> XORx38y38
	y38 -> XORx38y38
	XORx38y38 -> jkm
XORx14y14 [label="XOR",shape="box"]
	x14 -> XORx14y14
	y14 -> XORx14y14
	XORx14y14 -> vhb
XORy05x05 [label="XOR",shape="box"]
	y05 -> XORy05x05
	x05 -> XORy05x05
	XORy05x05 -> tpq
ORtdgtmq [label="OR",shape="box"]
	tdg -> ORtdgtmq
	tmq -> ORtdgtmq
	ORtdgtmq -> hkk
ANDbfgtdd [label="AND",shape="box"]
	bfg -> ANDbfgtdd
	tdd -> ANDbfgtdd
	ANDbfgtdd -> gtk
XORy03x03 [label="XOR",shape="box"]
	y03 -> XORy03x03
	x03 -> XORy03x03
	XORy03x03 -> rgn
XORx04y04 [label="XOR",shape="box"]
	x04 -> XORx04y04
	y04 -> XORx04y04
	XORx04y04 -> mpq
XORpmvrbk [label="XOR",shape="box"]
	pmv -> XORpmvrbk
	rbk -> XORpmvrbk
	XORpmvrbk -> hsw
ANDwjmrhk [label="AND",shape="box"]
	wjm -> ANDwjmrhk
	rhk -> ANDwjmrhk
	ANDwjmrhk -> pcn
ORkghbqj [label="OR",shape="box"]
	kgh -> ORkghbqj
	bqj -> ORkghbqj
	ORkghbqj -> mwk
ORspfpjt [label="OR",shape="box"]
	spf -> ORspfpjt
	pjt -> ORspfpjt
	ORspfpjt -> gwd
ANDy29x29 [label="AND",shape="box"]
	y29 -> ANDy29x29
	x29 -> ANDy29x29
	ANDy29x29 -> sss
ORmqrbkc [label="OR",shape="box"]
	mqr -> ORmqrbkc
	bkc -> ORmqrbkc
	ORmqrbkc -> fwv
ANDgptfcf [label="AND",shape="box"]
	gpt -> ANDgptfcf
	fcf -> ANDgptfcf
	ANDgptfcf -> bmg
ANDy13x13 [label="AND",shape="box"]
	y13 -> ANDy13x13
	x13 -> ANDy13x13
	ANDy13x13 -> vjf
XORy32x32 [label="XOR",shape="box"]
	y32 -> XORy32x32
	x32 -> XORy32x32
	XORy32x32 -> rwk
ORfvmbsd [label="OR",shape="box"]
	fvm -> ORfvmbsd
	bsd -> ORfvmbsd
	ORfvmbsd -> tns
XORy20x20 [label="XOR",shape="box"]
	y20 -> XORy20x20
	x20 -> XORy20x20
	XORy20x20 -> rfg
ANDbgtqjc [label="AND",shape="box"]
	bgt -> ANDbgtqjc
	qjc -> ANDbgtqjc
	ANDbgtqjc -> tgm
XORbhtjkm [label="XOR",shape="box"]
	bht -> XORbhtjkm
	jkm -> XORbhtjkm
	XORbhtjkm -> z38
XORgmprgn [label="XOR",shape="box"]
	gmp -> XORgmprgn
	rgn -> XORgmprgn
	XORgmprgn -> z03
ANDy15x15 [label="AND",shape="box"]
	y15 -> ANDy15x15
	x15 -> ANDy15x15
	ANDy15x15 -> bsc
ORspdrmv [label="OR",shape="box"]
	spd -> ORspdrmv
	rmv -> ORspdrmv
	ORspdrmv -> pbn
ANDx04y04 [label="AND",shape="box"]
	x04 -> ANDx04y04
	y04 -> ANDx04y04
	ANDx04y04 -> vds
ANDy06x06 [label="AND",shape="box"]
	y06 -> ANDy06x06
	x06 -> ANDy06x06
	ANDy06x06 -> cbn
XORfjqdjd [label="XOR",shape="box"]
	fjq -> XORfjqdjd
	djd -> XORfjqdjd
	XORfjqdjd -> z37
ANDx41y41 [label="AND",shape="box"]
	x41 -> ANDx41y41
	y41 -> ANDx41y41
	ANDx41y41 -> rmv
XORswdbcv [label="XOR",shape="box"]
	swd -> XORswdbcv
	bcv -> XORswdbcv
	XORswdbcv -> z21
ANDtcbjkh [label="AND",shape="box"]
	tcb -> ANDtcbjkh
	jkh -> ANDtcbjkh
	ANDtcbjkh -> qvk
ORdvwcbn [label="OR",shape="box"]
	dvw -> ORdvwcbn
	cbn -> ORdvwcbn
	ORdvwcbn -> mkm
XORghhgnn [label="XOR",shape="box"]
	ghh -> XORghhgnn
	gnn -> XORghhgnn
	XORghhgnn -> z01
ANDx00y00 [label="AND",shape="box"]
	x00 -> ANDx00y00
	y00 -> ANDx00y00
	ANDx00y00 -> gnn
ORjctgms [label="OR",shape="box"]
	jct -> ORjctgms
	gms -> ORjctgms
	ORjctgms -> bgt
ANDx03y03 [label="AND",shape="box"]
	x03 -> ANDx03y03
	y03 -> ANDx03y03
	ANDx03y03 -> wwt
ANDy08x08 [label="AND",shape="box"]
	y08 -> ANDy08x08
	x08 -> ANDy08x08
	ANDy08x08 -> fvm
ORwpwpnq [label="OR",shape="box"]
	wpw -> ORwpwpnq
	pnq -> ORwpwpnq
	ORwpwpnq -> hcv
ORnckqhq [label="OR",shape="box"]
	nck -> ORnckqhq
	qhq -> ORnckqhq
	ORnckqhq -> msp
XORwbwknh [label="XOR",shape="box"]
	wbw -> XORwbwknh
	knh -> XORwbwknh
	XORwbwknh -> z24
XORqkfwkr [label="XOR",shape="box"]
	qkf -> XORqkfwkr
	wkr -> XORqkfwkr
	XORqkfwkr -> z26
XORy16x16 [label="XOR",shape="box"]
	y16 -> XORy16x16
	x16 -> XORy16x16
	XORy16x16 -> fcf
ORcvfjmc [label="OR",shape="box"]
	cvf -> ORcvfjmc
	jmc -> ORcvfjmc
	ORcvfjmc -> tgv
ANDrwkfwv [label="AND",shape="box"]
	rwk -> ANDrwkfwv
	fwv -> ANDrwkfwv
	ANDrwkfwv -> vkw
ANDy43x43 [label="AND",shape="box"]
	y43 -> ANDy43x43
	x43 -> ANDy43x43
	ANDy43x43 -> mbw
XORtmpgph [label="XOR",shape="box"]
	tmp -> XORtmpgph
	gph -> XORtmpgph
	XORtmpgph -> z29
ANDy35x35 [label="AND",shape="box"]
	y35 -> ANDy35x35
	x35 -> ANDy35x35
	ANDy35x35 -> cck
ANDknhwbw [label="AND",shape="box"]
	knh -> ANDknhwbw
	wbw -> ANDknhwbw
	ANDknhwbw -> dcn
ANDy36x36 [label="AND",shape="box"]
	y36 -> ANDy36x36
	x36 -> ANDy36x36
	ANDy36x36 -> bkm
XORhcvggj [label="XOR",shape="box"]
	hcv -> XORhcvggj
	ggj -> XORhcvggj
	XORhcvggj -> z12
ORtvwcdj [label="OR",shape="box"]
	tvw -> ORtvwcdj
	cdj -> ORtvwcdj
	ORtvwcdj -> gph
XORfcfgpt [label="XOR",shape="box"]
	fcf -> XORfcfgpt
	gpt -> XORfcfgpt
	XORfcfgpt -> z16
XORmspfwk [label="XOR",shape="box"]
	msp -> XORmspfwk
	fwk -> XORmspfwk
	XORmspfwk -> z02
XORy25x25 [label="XOR",shape="box"]
	y25 -> XORy25x25
	x25 -> XORy25x25
	XORy25x25 -> pds
ORqrbshn [label="OR",shape="box"]
	qrb -> ORqrbshn
	shn -> ORqrbshn
	ORqrbshn -> vjb
ORvjfhsw [label="OR",shape="box"]
	vjf -> ORvjfhsw
	hsw -> ORvjfhsw
	ORvjfhsw -> bpf
ANDx44y44 [label="AND",shape="box"]
	x44 -> ANDx44y44
	y44 -> ANDx44y44
	ANDx44y44 -> dwj
XORx21y21 [label="XOR",shape="box"]
	x21 -> XORx21y21
	y21 -> XORx21y21
	XORx21y21 -> bcv
XORy42x42 [label="XOR",shape="box"]
	y42 -> XORy42x42
	x42 -> XORy42x42
	XORy42x42 -> fvk
ANDcghcjs [label="AND",shape="box"]
	cgh -> ANDcghcjs
	cjs -> ANDcghcjs
	ANDcghcjs -> spd
XORdnkdrk [label="XOR",shape="box"]
	dnk -> XORdnkdrk
	drk -> XORdnkdrk
	XORdnkdrk -> z22
ORsstdjm [label="OR",shape="box"]
	sst -> ORsstdjm
	djm -> ORsstdjm
	ORsstdjm -> dkc
XORbfgtdd [label="XOR",shape="box"]
	bfg -> XORbfgtdd
	tdd -> XORbfgtdd
	XORbfgtdd -> z35
XORbtrbjm [label="XOR",shape="box"]
	btr -> XORbtrbjm
	bjm -> XORbtrbjm
	XORbtrbjm -> z08
ORdjgvfr [label="OR",shape="box"]
	djg -> ORdjgvfr
	vfr -> ORdjgvfr
	ORdjgvfr -> drk
ORbscgqg [label="OR",shape="box"]
	bsc -> ORbscgqg
	gqg -> ORbscgqg
	ORbscgqg -> gpt
XORfvkpbn [label="XOR",shape="box"]
	fvk -> XORfvkpbn
	pbn -> XORfvkpbn
	XORfvkpbn -> z42
ORhfjvkd [label="OR",shape="box"]
	hfj -> ORhfjvkd
	vkd -> ORhfjvkd
	ORhfjvkd -> cgh
ANDgwdsbg [label="AND",shape="box"]
	gwd -> ANDgwdsbg
	sbg -> ANDgwdsbg
	ANDgwdsbg -> pnq
ANDx32y32 [label="AND",shape="box"]
	x32 -> ANDx32y32
	y32 -> ANDx32y32
	ANDx32y32 -> jjb
ORkvpqsm [label="OR",shape="box"]
	kvp -> ORkvpqsm
	qsm -> ORkvpqsm
	ORkvpqsm -> qkf
ANDx17y17 [label="AND",shape="box"]
	x17 -> ANDx17y17
	y17 -> ANDx17y17
	ANDx17y17 -> jct
XORy02x02 [label="XOR",shape="box"]
	y02 -> XORy02x02
	x02 -> XORy02x02
	XORy02x02 -> fwk
XORy33x33 [label="XOR",shape="box"]
	y33 -> XORy33x33
	x33 -> XORy33x33
	XORy33x33 -> wjm
XORx13y13 [label="XOR",shape="box"]
	x13 -> XORx13y13
	y13 -> XORx13y13
	XORx13y13 -> pmv
ANDy28x28 [label="AND",shape="box"]
	y28 -> ANDy28x28
	x28 -> ANDy28x28
	ANDy28x28 -> tvw
ANDfswnhj [label="AND",shape="box"]
	fsw -> ANDfswnhj
	nhj -> ANDfswnhj
	ANDfswnhj -> dvw
ANDx02y02 [label="AND",shape="box"]
	x02 -> ANDx02y02
	y02 -> ANDx02y02
	ANDx02y02 -> gpn
XORx35y35 [label="XOR",shape="box"]
	x35 -> XORx35y35
	y35 -> XORx35y35
	XORx35y35 -> tdd
}
